
ROM used:   1780/8192 (22%)
            1780/8192 (22%) including unused fragments

            1.3 Average locations per line
            7.1 Average locations per statement

RAM used:   32/368 (9%) at main() level
            47/368 (13%) worst case

Stack used: 4 worst case (2 in main + 2 for interrupts)
Stack size: 8

Lines Stmts  %   Files
----- ----- ---  -----
   70    37  15  main.c
  751     0   0  16F886.h
  601   215  85  lib_rf2gh4_10.h
----- -----
 1422   252 Total

Page ROM  %  RAM   Vol Diff  Functions:
---- --- --- ---   --- ----  ----------
0     21   1    1             @delay_ms1
0     30   2    0   143  2.2  RF_CONFIG_SPI
0     14   1    0    98  1.7  RF_INT_EN
0    499  28    2  2193  2.0  RF_CONFIG
0     51   3    0   149  1.3  RF_ON
0    518  29    4  3092  8.0  RF_SEND
0    144   8    5   964  6.5  RF_RECEIVE
0     21   1    1   190  3.9  IntRB0
0    187  11    1   814  3.3  MAIN
0      8   0    0             @const650
0     88   5    4             @PSTRINGC7_9600_62_63
0      6   0    0             @const652
0     21   1    3             @DIV88
0     93   5    6             @PRINTF_D_9600_62_63
 Inline         0             @cinit1

Program metrics:
    Functions               8
    Statements              252
    Comments                371
    Volume (V)              10340
    Difficulty (D)          29.4
    Effort to implement (E) 303789
    Time to implement (T)   4 hours, 41 minutes
    Est Delivered Bugs (B)  2
    Cyclomatic Complexity   14
    Maintainability (MI)    32

 Segment     Used  Free
-----------  ----  ----
00000-00003     4  0  
00004-0004E    75  0  
0004F-007FF  1701  268  
00800-00FFF     0  2048  
01000-017FF     0  2048  
01800-01FFF     0  2048  



