
ROM used:   205/8192 (3%)
            205/8192 (3%) including unused fragments

            0.3 Average locations per line
            15.8 Average locations per statement

RAM used:   6/368 (2%) at main() level
            9/368 (2%) worst case

Stack used: 1 worst case (1 in main + 0 for interrupts)
Stack size: 8

Lines Stmts  %   Files
----- ----- ---  -----
   60    13 100  main.c
  671     0   0  ..\..\..\..\Program Files (x86)\PICC\devices\16F877A.h
----- -----
  731    13 Total

Page ROM  %  RAM   Vol Diff  Functions:
---- --- --- ---   --- ----  ----------
0     21  10    1             @delay_ms1
0     82  40    1   245  1.8  main
0      8   4    0             @const627
0     90  44    4             @PSTRINGC7_9600_62_63
 Inline         0             @cinit1

Program metrics:
    Functions               1
    Statements              13
    Comments                184
    Volume (V)              254
    Difficulty (D)          1.5
    Effort to implement (E) 390
    Time to implement (T)   0 minutes
    Est Delivered Bugs (B)  0
    Cyclomatic Complexity   1
    Maintainability (MI)    142

 Segment     Used  Free
-----------  ----  ----
00000-00003     4  0  
00004-007FF   201  1843  
00800-00FFF     0  2048  
01000-017FF     0  2048  
01800-01FFF     0  2048  



