CCS PCM C Compiler, Version 5.015, 5967               19-mar-17 18:39

               Filename:   E:\script sensores\RX.X\build\default\production\main.lst

               ROM used:   1272 words (16%)
                           Largest free fragment is 2048
               RAM used:   33 (9%) at main() level
                           46 (12%) worst case
               Stack used: 5 locations (2 in main + 3 for interrupts)
               Stack size: 8

*
0000:  MOVLW  04
0001:  MOVWF  0A
0002:  GOTO   48B
0003:  NOP
0004:  MOVWF  7F
0005:  SWAPF  03,W
0006:  CLRF   03
0007:  MOVWF  21
0008:  MOVF   0A,W
0009:  MOVWF  20
000A:  CLRF   0A
000B:  MOVF   04,W
000C:  MOVWF  22
000D:  MOVF   77,W
000E:  MOVWF  23
000F:  MOVF   78,W
0010:  MOVWF  24
0011:  MOVF   79,W
0012:  MOVWF  25
0013:  MOVF   7A,W
0014:  MOVWF  26
0015:  BSF    03.6
0016:  MOVF   0D,W
0017:  BCF    03.6
0018:  MOVWF  27
0019:  BSF    03.6
001A:  MOVF   0F,W
001B:  BCF    03.6
001C:  MOVWF  28
001D:  BSF    03.6
001E:  MOVF   0C,W
001F:  BCF    03.6
0020:  MOVWF  29
0021:  BSF    03.6
0022:  MOVF   0E,W
0023:  BCF    03.6
0024:  MOVWF  2A
0025:  BCF    03.7
0026:  BCF    03.5
0027:  BTFSS  0B.4
0028:  GOTO   02B
0029:  BTFSC  0B.1
002A:  GOTO   04C
002B:  MOVF   22,W
002C:  MOVWF  04
002D:  MOVF   23,W
002E:  MOVWF  77
002F:  MOVF   24,W
0030:  MOVWF  78
0031:  MOVF   25,W
0032:  MOVWF  79
0033:  MOVF   26,W
0034:  MOVWF  7A
0035:  MOVF   27,W
0036:  BSF    03.6
0037:  MOVWF  0D
0038:  BCF    03.6
0039:  MOVF   28,W
003A:  BSF    03.6
003B:  MOVWF  0F
003C:  BCF    03.6
003D:  MOVF   29,W
003E:  BSF    03.6
003F:  MOVWF  0C
0040:  BCF    03.6
0041:  MOVF   2A,W
0042:  BSF    03.6
0043:  MOVWF  0E
0044:  BCF    03.6
0045:  MOVF   20,W
0046:  MOVWF  0A
0047:  SWAPF  21,W
0048:  MOVWF  03
0049:  SWAPF  7F,F
004A:  SWAPF  7F,W
004B:  RETFIE
004C:  BCF    0A.3
004D:  BCF    0A.4
004E:  GOTO   1A7
.................... #include <16F877A.h>  
.................... //////////// Standard Header file for the PIC16F877A device //////////////// 
.................... /////////////////////////////////////////////////////////////////////////// 
.................... ////        (C) Copyright 1996, 2013 Custom Computer Services          //// 
.................... //// This source code may only be used by licensed users of the CCS C  //// 
.................... //// compiler.  This source code may only be distributed to other      //// 
.................... //// licensed users of the CCS C compiler.  No other use, reproduction //// 
.................... //// or distribution is permitted without written permission.          //// 
.................... //// Derivative programs created using this software in object code    //// 
.................... //// form are not restricted in any way.                               //// 
.................... /////////////////////////////////////////////////////////////////////////// 
.................... #device PIC16F877A 
004F:  MOVF   0B,W
0050:  MOVWF  40
0051:  BCF    0B.7
0052:  BSF    03.5
0053:  BSF    03.6
0054:  BSF    0C.7
0055:  BSF    0C.0
0056:  NOP
0057:  NOP
0058:  BCF    03.5
0059:  BCF    03.6
005A:  BTFSC  40.7
005B:  BSF    0B.7
005C:  BSF    03.6
005D:  MOVF   0C,W
005E:  ANDLW  7F
005F:  BTFSC  03.2
0060:  GOTO   0A5
0061:  BCF    03.6
0062:  MOVWF  40
0063:  BSF    03.6
0064:  MOVF   0D,W
0065:  BCF    03.6
0066:  MOVWF  41
0067:  BSF    03.6
0068:  MOVF   0F,W
0069:  BCF    03.6
006A:  MOVWF  42
006B:  MOVF   40,W
006C:  BTFSS  0C.4
006D:  GOTO   06C
006E:  MOVWF  19
006F:  MOVF   41,W
0070:  BSF    03.6
0071:  MOVWF  0D
0072:  BCF    03.6
0073:  MOVF   42,W
0074:  BSF    03.6
0075:  MOVWF  0F
0076:  BCF    03.6
0077:  MOVF   0B,W
0078:  MOVWF  43
0079:  BCF    0B.7
007A:  BSF    03.5
007B:  BSF    03.6
007C:  BSF    0C.7
007D:  BSF    0C.0
007E:  NOP
007F:  NOP
0080:  BCF    03.5
0081:  BCF    03.6
0082:  BTFSC  43.7
0083:  BSF    0B.7
0084:  BSF    03.6
0085:  RLF    0C,W
0086:  RLF    0E,W
0087:  ANDLW  7F
0088:  BTFSC  03.2
0089:  GOTO   0A5
008A:  BCF    03.6
008B:  MOVWF  40
008C:  BSF    03.6
008D:  MOVF   0D,W
008E:  BCF    03.6
008F:  MOVWF  41
0090:  BSF    03.6
0091:  MOVF   0F,W
0092:  BCF    03.6
0093:  MOVWF  42
0094:  MOVF   40,W
0095:  BTFSS  0C.4
0096:  GOTO   095
0097:  MOVWF  19
0098:  MOVF   41,W
0099:  BSF    03.6
009A:  MOVWF  0D
009B:  BCF    03.6
009C:  MOVF   42,W
009D:  BSF    03.6
009E:  MOVWF  0F
009F:  INCF   0D,F
00A0:  BTFSC  03.2
00A1:  INCF   0F,F
00A2:  BCF    03.6
00A3:  GOTO   04F
00A4:  BSF    03.6
00A5:  BCF    03.6
00A6:  RETURN
*
0137:  MOVF   47,W
0138:  CLRF   78
0139:  SUBWF  46,W
013A:  BTFSC  03.0
013B:  GOTO   13F
013C:  MOVF   46,W
013D:  MOVWF  77
013E:  GOTO   14B
013F:  CLRF   77
0140:  MOVLW  08
0141:  MOVWF  48
0142:  RLF    46,F
0143:  RLF    77,F
0144:  MOVF   47,W
0145:  SUBWF  77,W
0146:  BTFSC  03.0
0147:  MOVWF  77
0148:  RLF    78,F
0149:  DECFSZ 48,F
014A:  GOTO   142
014B:  RETURN
014C:  MOVLW  20
014D:  BTFSS  41.4
014E:  MOVLW  30
014F:  MOVWF  42
0150:  MOVF   40,W
0151:  MOVWF  77
0152:  BTFSS  40.7
0153:  GOTO   15C
0154:  COMF   77,F
0155:  INCF   77,F
0156:  MOVF   77,W
0157:  MOVWF  40
0158:  MOVLW  2D
0159:  MOVWF  42
015A:  BSF    41.7
015B:  BSF    41.0
015C:  MOVF   40,W
015D:  MOVWF  46
015E:  MOVLW  64
015F:  MOVWF  47
0160:  CALL   137
0161:  MOVF   77,W
0162:  MOVWF  40
0163:  MOVLW  30
0164:  ADDWF  78,W
0165:  MOVWF  43
0166:  MOVF   40,W
0167:  MOVWF  46
0168:  MOVLW  0A
0169:  MOVWF  47
016A:  CALL   137
016B:  MOVLW  30
016C:  ADDWF  77,W
016D:  MOVWF  45
016E:  MOVLW  30
016F:  ADDWF  78,W
0170:  MOVWF  44
0171:  MOVF   42,W
0172:  MOVWF  77
0173:  MOVLW  30
0174:  SUBWF  43,W
0175:  BTFSC  03.2
0176:  GOTO   17B
0177:  BSF    41.1
0178:  BTFSC  41.7
0179:  BSF    41.2
017A:  GOTO   18F
017B:  MOVF   42,W
017C:  MOVWF  43
017D:  MOVLW  20
017E:  MOVWF  42
017F:  MOVLW  30
0180:  SUBWF  44,W
0181:  BTFSC  03.2
0182:  GOTO   187
0183:  BSF    41.0
0184:  BTFSC  41.7
0185:  BSF    41.1
0186:  GOTO   18F
0187:  BTFSS  03.2
0188:  BSF    41.0
0189:  BTFSS  03.2
018A:  GOTO   18F
018B:  MOVF   43,W
018C:  MOVWF  44
018D:  MOVLW  20
018E:  MOVWF  43
018F:  BTFSC  41.2
0190:  GOTO   196
0191:  BTFSC  41.1
0192:  GOTO   19A
0193:  BTFSC  41.0
0194:  GOTO   19E
0195:  GOTO   1A2
0196:  MOVF   42,W
0197:  BTFSS  0C.4
0198:  GOTO   197
0199:  MOVWF  19
019A:  MOVF   43,W
019B:  BTFSS  0C.4
019C:  GOTO   19B
019D:  MOVWF  19
019E:  MOVF   44,W
019F:  BTFSS  0C.4
01A0:  GOTO   19F
01A1:  MOVWF  19
01A2:  MOVF   45,W
01A3:  BTFSS  0C.4
01A4:  GOTO   1A3
01A5:  MOVWF  19
01A6:  RETURN
*
0216:  DATA 0A,10
0217:  DATA B1,32
0218:  DATA 72,00
0219:  DATA 0A,10
021A:  DATA 32,32
021B:  DATA 6F,00
021C:  DATA E3,37
021D:  DATA 6E,33
021E:  DATA E9,33
021F:  DATA 75,39
0220:  DATA 61,32
0221:  DATA EF,10
0222:  DATA 20,05
0223:  DATA 00,00
....................  
.................... #list 
....................  
.................... #FUSES NOWDT, XT, NOPUT, NOPROTECT, NOBROWNOUT, NOLVP, NOCPD, NOWRT, NODEBUG  
.................... #use delay(crystal=16MHz) 
0224:  MOVLW  3C
0225:  MOVWF  04
0226:  BCF    03.7
0227:  MOVF   00,W
0228:  BTFSC  03.2
0229:  GOTO   238
022A:  MOVLW  05
022B:  MOVWF  78
022C:  CLRF   77
022D:  DECFSZ 77,F
022E:  GOTO   22D
022F:  DECFSZ 78,F
0230:  GOTO   22C
0231:  MOVLW  2E
0232:  MOVWF  77
0233:  DECFSZ 77,F
0234:  GOTO   233
0235:  GOTO   236
0236:  DECFSZ 00,F
0237:  GOTO   22A
0238:  RETURN
.................... #include "lib_rf2gh4_10.h" 
.................... //******************************************************************************** 
.................... //*    lib_rf2gh4_10.h                                                           * 
.................... //*     version: 1.0                                                             * 
.................... //*     Esta librería contiene las funciones necesarias para gestionar el módulo * 
.................... //*    RF2GH4 con programas del compilador CCS                                   * 
.................... //*    Copyright (C) 2007  Bizintek Innova S.L.                                  * 
.................... //******************************************************************************** 
.................... //*    This program is free software; you can redistribute it and/or modify      * 
.................... //*    it under the terms of the GNU General Public License as published by      * 
.................... //*    the Free Software Foundation; either version 2 of the License, or         * 
.................... //*    (at your option) any later version.                                       * 
.................... //*                                                                              * 
.................... //*    This program is distributed in the hope that it will be useful,           * 
.................... //*    but WITHOUT ANY WARRANTY; without even the implied warranty of            * 
.................... //*    MERCHANTABILITY or FITNESS FOR A PARTICULAR PURPOSE.  See the             * 
.................... //*    GNU General Public License for more details.                              * 
.................... //*                                                                              * 
.................... //*    You should have received a copy of the GNU General Public License along   * 
.................... //*    with this program; if not, write to the Free Software Foundation, Inc.,   * 
.................... //*    51 Franklin Street, Fifth Floor, Boston, MA 02110-1301 USA.               * 
.................... //******************************************************************************** 
....................  
....................  
.................... //******************** 
.................... //*   DEFINICIONES   * 
.................... //******************** 
....................  
.................... // PORTB 
.................... #define RF_IRQ        PIN_B0 
.................... #define RF_IRQ_TRIS   TRISB,0 
....................  
.................... // PORTC 
.................... #define   RF_CS       PIN_C1 
.................... #define   RF_CE       PIN_C2 
.................... #define   SCK         PIN_C3 
.................... #define   SDI         PIN_C4 
.................... #define   SDO         PIN_C5 
....................                        
.................... #define   RF_CS_TRIS  TRISC,1 
.................... #define   RF_CE_TRIS  TRISC,2 
.................... #define   SCK_TRIS    TRISC,3 
.................... #define   SDI_TRIS    TRISC,4 
.................... #define   SDO_TRIS    TRISC,5 
....................  
....................  
....................  
.................... //***************** 
.................... //*   VARIABLES   * 
.................... //***************** 
.................... #BYTE TRISA     =  0x85 
.................... #BYTE TRISB     =  0x86 
.................... #BYTE TRISC     =  0x87 
.................... #BYTE INTCON    =  0x0B 
....................  
.................... //Variables internas 
.................... static int1        interRF; 
*
04A3:  BCF    03.5
04A4:  BCF    2C.0
.................... static int16       noRF; 
04A5:  CLRF   2D
04A6:  CLRF   2E
.................... static int1        RCVNW=0; 
.................... static int8        DATA_N_SND=0; 
.................... static int8        DATA_N_RCV=0; 
....................  
.................... //Variables configurables 
.................... static int8        RF_DATA[8]; 
04A7:  CLRF   31
04A8:  CLRF   32
04A9:  CLRF   33
04AA:  CLRF   34
04AB:  CLRF   35
04AC:  CLRF   36
04AD:  CLRF   37
04AE:  CLRF   38
.................... static int8        RF_DIR; 
04AF:  CLRF   39
....................  
....................  
.................... //************** 
.................... //*   CÓDIGO   * 
.................... //************** 
....................  
.................... //***************************************************** 
.................... //*               RF_CONFIG_SPI()                     * 
.................... //***************************************************** 
.................... //*Descripción: La función configura el módulo SPI del* 
.................... //*microcontrolador.En ella se especifica como salida * 
.................... //*SDO y como entrada SDI entre otros parámetros del  * 
.................... //*protocolo SPI.                                     * 
.................... //***************************************************** 
.................... //*Variables de entrada:                              * 
.................... //*Variables de salida:                               * 
.................... //***************************************************** 
.................... void RF_CONFIG_SPI() 
.................... { 
....................    //Configuración I/O. 
....................    bit_clear(SCK_TRIS); 
*
0247:  BSF    03.5
0248:  BCF    07.3
....................    bit_set(SDI_TRIS); 
0249:  BSF    07.4
....................    bit_clear(SDO_TRIS); 
024A:  BCF    07.5
....................  
....................    //Configuración módulo comunicaciones. 
....................    setup_spi(SPI_MASTER|SPI_L_TO_H|SPI_XMIT_L_TO_H 
....................    |SPI_CLK_DIV_4|SPI_SAMPLE_AT_END); 
024B:  BCF    03.5
024C:  BCF    14.5
024D:  BCF    3A.5
024E:  MOVF   3A,W
024F:  BSF    03.5
0250:  MOVWF  07
0251:  BCF    03.5
0252:  BSF    3A.4
0253:  MOVF   3A,W
0254:  BSF    03.5
0255:  MOVWF  07
0256:  BCF    03.5
0257:  BCF    3A.3
0258:  MOVF   3A,W
0259:  BSF    03.5
025A:  MOVWF  07
025B:  MOVLW  20
025C:  BCF    03.5
025D:  MOVWF  14
025E:  MOVLW  C0
025F:  BSF    03.5
0260:  MOVWF  14
0261:  BCF    03.5
0262:  BCF    0A.3
0263:  BCF    0A.4
0264:  GOTO   4E3 (RETURN)
.................... } 
.................... //***************************************************** 
....................  
....................  
....................  
....................  
....................  
.................... //***************************************************** 
.................... //*                    RF_INT_EN()                    * 
.................... //***************************************************** 
.................... //*Descripción:Se encarga de habilitar la interrupción* 
.................... //*externa (RB0) utilizada por el módulo de RF en la  * 
.................... //*recepción de datos.                                * 
.................... //***************************************************** 
.................... //*Variables de entrada:                              * 
.................... //*Variables de salida:                               * 
.................... //***************************************************** 
.................... void RF_INT_EN() 
.................... { 
....................    //Habilitar interrupciones externas con flanco de 
....................    //bajada. 
....................    disable_interrupts(global); 
*
0239:  BCF    0B.6
023A:  BCF    0B.7
023B:  BTFSC  0B.7
023C:  GOTO   23A
....................    enable_interrupts(int_ext); 
023D:  BSF    0B.4
....................    ext_int_edge( H_TO_L ); 
023E:  BSF    03.5
023F:  BCF    01.6
....................    bit_set(RF_IRQ_TRIS); 
0240:  BSF    06.0
....................    enable_interrupts(global); 
0241:  MOVLW  C0
0242:  BCF    03.5
0243:  IORWF  0B,F
0244:  BCF    0A.3
0245:  BCF    0A.4
0246:  GOTO   4E2 (RETURN)
.................... } 
.................... //***************************************************** 
....................  
....................  
....................  
....................  
....................  
.................... //***************************************************** 
.................... //*        RF_CONFIG(int canal, int dir)              * 
.................... //***************************************************** 
.................... //*Descripción:Esta función se encarga de configurar  * 
.................... //*el transceptor habilitando su propia dirección de  * 
.................... //*escucha y el canal entre otros parámetros.         * 
.................... //***************************************************** 
.................... //*Variables de entrada:- Canal                       * 
.................... //*                     - Direccion                   * 
.................... //*Variables de salida:                               * 
.................... //***************************************************** 
.................... void RF_CONFIG(int canal, int dir) 
.................... { 
....................  
....................    bit_clear(RF_CS_TRIS); 
*
0265:  BSF    03.5
0266:  BCF    07.1
....................    bit_set(RF_IRQ_TRIS); 
0267:  BSF    06.0
....................    bit_clear(RF_CE_TRIS); 
0268:  BCF    07.2
....................  
....................    output_low(RF_CE); 
0269:  BCF    03.5
026A:  BCF    3A.2
026B:  MOVF   3A,W
026C:  BSF    03.5
026D:  MOVWF  07
026E:  BCF    03.5
026F:  BCF    07.2
....................  
....................    // TX_ADDR (0xFF) 
....................    //Configuración de la dirección de envio aleatoria. 
....................    //En la función de enviar se configura la direccion 
....................    //deseada por el usuario. 
....................    output_low(RF_CS); 
0270:  BCF    3A.1
0271:  MOVF   3A,W
0272:  BSF    03.5
0273:  MOVWF  07
0274:  BCF    03.5
0275:  BCF    07.1
....................    spi_write(0x30); 
0276:  MOVF   13,W
0277:  MOVLW  30
0278:  MOVWF  13
0279:  BSF    03.5
027A:  RRF    14,W
027B:  BTFSS  03.0
027C:  GOTO   27A
....................    spi_write(0xFF); 
027D:  BCF    03.5
027E:  MOVF   13,W
027F:  MOVLW  FF
0280:  MOVWF  13
0281:  BSF    03.5
0282:  RRF    14,W
0283:  BTFSS  03.0
0284:  GOTO   282
....................    spi_write(0xC2); 
0285:  BCF    03.5
0286:  MOVF   13,W
0287:  MOVLW  C2
0288:  MOVWF  13
0289:  BSF    03.5
028A:  RRF    14,W
028B:  BTFSS  03.0
028C:  GOTO   28A
....................    spi_write(0xC2); 
028D:  BCF    03.5
028E:  MOVF   13,W
028F:  MOVLW  C2
0290:  MOVWF  13
0291:  BSF    03.5
0292:  RRF    14,W
0293:  BTFSS  03.0
0294:  GOTO   292
....................    spi_write(0xC2); 
0295:  BCF    03.5
0296:  MOVF   13,W
0297:  MOVLW  C2
0298:  MOVWF  13
0299:  BSF    03.5
029A:  RRF    14,W
029B:  BTFSS  03.0
029C:  GOTO   29A
....................    spi_write(0xC2); 
029D:  BCF    03.5
029E:  MOVF   13,W
029F:  MOVLW  C2
02A0:  MOVWF  13
02A1:  BSF    03.5
02A2:  RRF    14,W
02A3:  BTFSS  03.0
02A4:  GOTO   2A2
....................    output_high(RF_CS); 
02A5:  BCF    03.5
02A6:  BCF    3A.1
02A7:  MOVF   3A,W
02A8:  BSF    03.5
02A9:  MOVWF  07
02AA:  BCF    03.5
02AB:  BSF    07.1
....................  
....................    // RX_ADDR_P0 (0xFF) ACK 
....................    //Configuración de la direccióndel Pipe0 para la 
....................    //recepción de ACK. 
....................    output_low(RF_CS); 
02AC:  BCF    3A.1
02AD:  MOVF   3A,W
02AE:  BSF    03.5
02AF:  MOVWF  07
02B0:  BCF    03.5
02B1:  BCF    07.1
....................    spi_write(0x2A); 
02B2:  MOVF   13,W
02B3:  MOVLW  2A
02B4:  MOVWF  13
02B5:  BSF    03.5
02B6:  RRF    14,W
02B7:  BTFSS  03.0
02B8:  GOTO   2B6
....................    spi_write(0xFF); 
02B9:  BCF    03.5
02BA:  MOVF   13,W
02BB:  MOVLW  FF
02BC:  MOVWF  13
02BD:  BSF    03.5
02BE:  RRF    14,W
02BF:  BTFSS  03.0
02C0:  GOTO   2BE
....................    spi_write(0xC2); 
02C1:  BCF    03.5
02C2:  MOVF   13,W
02C3:  MOVLW  C2
02C4:  MOVWF  13
02C5:  BSF    03.5
02C6:  RRF    14,W
02C7:  BTFSS  03.0
02C8:  GOTO   2C6
....................    spi_write(0xC2); 
02C9:  BCF    03.5
02CA:  MOVF   13,W
02CB:  MOVLW  C2
02CC:  MOVWF  13
02CD:  BSF    03.5
02CE:  RRF    14,W
02CF:  BTFSS  03.0
02D0:  GOTO   2CE
....................    spi_write(0xC2); 
02D1:  BCF    03.5
02D2:  MOVF   13,W
02D3:  MOVLW  C2
02D4:  MOVWF  13
02D5:  BSF    03.5
02D6:  RRF    14,W
02D7:  BTFSS  03.0
02D8:  GOTO   2D6
....................    spi_write(0xC2); 
02D9:  BCF    03.5
02DA:  MOVF   13,W
02DB:  MOVLW  C2
02DC:  MOVWF  13
02DD:  BSF    03.5
02DE:  RRF    14,W
02DF:  BTFSS  03.0
02E0:  GOTO   2DE
....................    output_high(RF_CS); 
02E1:  BCF    03.5
02E2:  BCF    3A.1
02E3:  MOVF   3A,W
02E4:  BSF    03.5
02E5:  MOVWF  07
02E6:  BCF    03.5
02E7:  BSF    07.1
....................  
....................    // RX_ADDR_P1 (dir) 
....................    //Configuración de la direccióndel Pipe1 para la 
....................    //recepción de tramas. 
....................    output_low(RF_CS); 
02E8:  BCF    3A.1
02E9:  MOVF   3A,W
02EA:  BSF    03.5
02EB:  MOVWF  07
02EC:  BCF    03.5
02ED:  BCF    07.1
....................    spi_write(0x2B); 
02EE:  MOVF   13,W
02EF:  MOVLW  2B
02F0:  MOVWF  13
02F1:  BSF    03.5
02F2:  RRF    14,W
02F3:  BTFSS  03.0
02F4:  GOTO   2F2
....................    spi_write(dir); 
02F5:  BCF    03.5
02F6:  MOVF   3C,W
02F7:  MOVWF  13
02F8:  BSF    03.5
02F9:  RRF    14,W
02FA:  BTFSS  03.0
02FB:  GOTO   2F9
....................    spi_write(0xC2); 
02FC:  BCF    03.5
02FD:  MOVF   13,W
02FE:  MOVLW  C2
02FF:  MOVWF  13
0300:  BSF    03.5
0301:  RRF    14,W
0302:  BTFSS  03.0
0303:  GOTO   301
....................    spi_write(0xC2); 
0304:  BCF    03.5
0305:  MOVF   13,W
0306:  MOVLW  C2
0307:  MOVWF  13
0308:  BSF    03.5
0309:  RRF    14,W
030A:  BTFSS  03.0
030B:  GOTO   309
....................    spi_write(0xC2); 
030C:  BCF    03.5
030D:  MOVF   13,W
030E:  MOVLW  C2
030F:  MOVWF  13
0310:  BSF    03.5
0311:  RRF    14,W
0312:  BTFSS  03.0
0313:  GOTO   311
....................    spi_write(0xC2); 
0314:  BCF    03.5
0315:  MOVF   13,W
0316:  MOVLW  C2
0317:  MOVWF  13
0318:  BSF    03.5
0319:  RRF    14,W
031A:  BTFSS  03.0
031B:  GOTO   319
....................    output_high(RF_CS); 
031C:  BCF    03.5
031D:  BCF    3A.1
031E:  MOVF   3A,W
031F:  BSF    03.5
0320:  MOVWF  07
0321:  BCF    03.5
0322:  BSF    07.1
....................  
....................    // RX_ADDR_P2 (0x00) BROADCAST 
....................    //Configuración de la direccióndel Pipe2 para la 
....................    //recepción de tramas 
....................    output_low(RF_CS); 
0323:  BCF    3A.1
0324:  MOVF   3A,W
0325:  BSF    03.5
0326:  MOVWF  07
0327:  BCF    03.5
0328:  BCF    07.1
....................    spi_write(0x2C); 
0329:  MOVF   13,W
032A:  MOVLW  2C
032B:  MOVWF  13
032C:  BSF    03.5
032D:  RRF    14,W
032E:  BTFSS  03.0
032F:  GOTO   32D
....................    spi_write(0x00); 
0330:  BCF    03.5
0331:  MOVF   13,W
0332:  CLRF   13
0333:  BSF    03.5
0334:  RRF    14,W
0335:  BTFSS  03.0
0336:  GOTO   334
....................    output_high(RF_CS); 
0337:  BCF    03.5
0338:  BCF    3A.1
0339:  MOVF   3A,W
033A:  BSF    03.5
033B:  MOVWF  07
033C:  BCF    03.5
033D:  BSF    07.1
....................  
....................    // EN_AA 
....................    //Habilitar AutoAck en los Pipe0,Pipe1 y Pipe2. 
....................    output_low(RF_CS); 
033E:  BCF    3A.1
033F:  MOVF   3A,W
0340:  BSF    03.5
0341:  MOVWF  07
0342:  BCF    03.5
0343:  BCF    07.1
....................    spi_write(0x21); 
0344:  MOVF   13,W
0345:  MOVLW  21
0346:  MOVWF  13
0347:  BSF    03.5
0348:  RRF    14,W
0349:  BTFSS  03.0
034A:  GOTO   348
....................    spi_write(0x07); 
034B:  BCF    03.5
034C:  MOVF   13,W
034D:  MOVLW  07
034E:  MOVWF  13
034F:  BSF    03.5
0350:  RRF    14,W
0351:  BTFSS  03.0
0352:  GOTO   350
....................    output_high(RF_CS); 
0353:  BCF    03.5
0354:  BCF    3A.1
0355:  MOVF   3A,W
0356:  BSF    03.5
0357:  MOVWF  07
0358:  BCF    03.5
0359:  BSF    07.1
....................  
....................    // EN_RXADDR 
....................    //Habilitar los Pipe0,Pipe1 y Pipe2. 
....................    output_low(RF_CS); 
035A:  BCF    3A.1
035B:  MOVF   3A,W
035C:  BSF    03.5
035D:  MOVWF  07
035E:  BCF    03.5
035F:  BCF    07.1
....................    spi_write(0x22); 
0360:  MOVF   13,W
0361:  MOVLW  22
0362:  MOVWF  13
0363:  BSF    03.5
0364:  RRF    14,W
0365:  BTFSS  03.0
0366:  GOTO   364
....................    spi_write(0x07); 
0367:  BCF    03.5
0368:  MOVF   13,W
0369:  MOVLW  07
036A:  MOVWF  13
036B:  BSF    03.5
036C:  RRF    14,W
036D:  BTFSS  03.0
036E:  GOTO   36C
....................    output_high(RF_CS); 
036F:  BCF    03.5
0370:  BCF    3A.1
0371:  MOVF   3A,W
0372:  BSF    03.5
0373:  MOVWF  07
0374:  BCF    03.5
0375:  BSF    07.1
....................  
....................    // SETUP_AW 
....................    //Configuración de la longitud de las direcciones. 
....................    //Direcciones de 5 bytes. 
....................    output_low(RF_CS); 
0376:  BCF    3A.1
0377:  MOVF   3A,W
0378:  BSF    03.5
0379:  MOVWF  07
037A:  BCF    03.5
037B:  BCF    07.1
....................    spi_write(0x23); 
037C:  MOVF   13,W
037D:  MOVLW  23
037E:  MOVWF  13
037F:  BSF    03.5
0380:  RRF    14,W
0381:  BTFSS  03.0
0382:  GOTO   380
....................    spi_write(0x03); 
0383:  BCF    03.5
0384:  MOVF   13,W
0385:  MOVLW  03
0386:  MOVWF  13
0387:  BSF    03.5
0388:  RRF    14,W
0389:  BTFSS  03.0
038A:  GOTO   388
....................    output_high(RF_CS); 
038B:  BCF    03.5
038C:  BCF    3A.1
038D:  MOVF   3A,W
038E:  BSF    03.5
038F:  MOVWF  07
0390:  BCF    03.5
0391:  BSF    07.1
....................  
....................    //SETUP_RETR 
....................    //Configuración de las retrasmisiones en la transmisión. 
....................    //Diez retransmisiones cada 336us. 
....................    output_low(RF_CS); 
0392:  BCF    3A.1
0393:  MOVF   3A,W
0394:  BSF    03.5
0395:  MOVWF  07
0396:  BCF    03.5
0397:  BCF    07.1
....................    spi_write(0x24); 
0398:  MOVF   13,W
0399:  MOVLW  24
039A:  MOVWF  13
039B:  BSF    03.5
039C:  RRF    14,W
039D:  BTFSS  03.0
039E:  GOTO   39C
....................    spi_write(0x0A); 
039F:  BCF    03.5
03A0:  MOVF   13,W
03A1:  MOVLW  0A
03A2:  MOVWF  13
03A3:  BSF    03.5
03A4:  RRF    14,W
03A5:  BTFSS  03.0
03A6:  GOTO   3A4
....................    output_high(RF_CS); 
03A7:  BCF    03.5
03A8:  BCF    3A.1
03A9:  MOVF   3A,W
03AA:  BSF    03.5
03AB:  MOVWF  07
03AC:  BCF    03.5
03AD:  BSF    07.1
....................  
....................    //RF_CH 
....................    //Configuración del canal. 
....................    //Canal elegido por el usuario (0x01 - 0x7F). 
....................    output_low(RF_CS); 
03AE:  BCF    3A.1
03AF:  MOVF   3A,W
03B0:  BSF    03.5
03B1:  MOVWF  07
03B2:  BCF    03.5
03B3:  BCF    07.1
....................    spi_write(0x25); 
03B4:  MOVF   13,W
03B5:  MOVLW  25
03B6:  MOVWF  13
03B7:  BSF    03.5
03B8:  RRF    14,W
03B9:  BTFSS  03.0
03BA:  GOTO   3B8
....................    spi_write(canal); 
03BB:  BCF    03.5
03BC:  MOVF   3B,W
03BD:  MOVWF  13
03BE:  BSF    03.5
03BF:  RRF    14,W
03C0:  BTFSS  03.0
03C1:  GOTO   3BF
....................    output_high(RF_CS); 
03C2:  BCF    03.5
03C3:  BCF    3A.1
03C4:  MOVF   3A,W
03C5:  BSF    03.5
03C6:  MOVWF  07
03C7:  BCF    03.5
03C8:  BSF    07.1
....................  
....................    //RF_SETUP 
....................    //Configuración aspectos RF. 
....................    //Ganancia máxima de LNA, 0dBm potencia de salida y 1Mbps de velocidad. 
....................    output_low(RF_CS); 
03C9:  BCF    3A.1
03CA:  MOVF   3A,W
03CB:  BSF    03.5
03CC:  MOVWF  07
03CD:  BCF    03.5
03CE:  BCF    07.1
....................    spi_write(0x26); 
03CF:  MOVF   13,W
03D0:  MOVLW  26
03D1:  MOVWF  13
03D2:  BSF    03.5
03D3:  RRF    14,W
03D4:  BTFSS  03.0
03D5:  GOTO   3D3
....................    spi_write(0x07); 
03D6:  BCF    03.5
03D7:  MOVF   13,W
03D8:  MOVLW  07
03D9:  MOVWF  13
03DA:  BSF    03.5
03DB:  RRF    14,W
03DC:  BTFSS  03.0
03DD:  GOTO   3DB
....................    output_high(RF_CS); 
03DE:  BCF    03.5
03DF:  BCF    3A.1
03E0:  MOVF   3A,W
03E1:  BSF    03.5
03E2:  MOVWF  07
03E3:  BCF    03.5
03E4:  BSF    07.1
....................  
....................    //STATUS 
....................    //Reseteo del registro STATUS 
....................    output_low(RF_CS); 
03E5:  BCF    3A.1
03E6:  MOVF   3A,W
03E7:  BSF    03.5
03E8:  MOVWF  07
03E9:  BCF    03.5
03EA:  BCF    07.1
....................    spi_write(0x27); 
03EB:  MOVF   13,W
03EC:  MOVLW  27
03ED:  MOVWF  13
03EE:  BSF    03.5
03EF:  RRF    14,W
03F0:  BTFSS  03.0
03F1:  GOTO   3EF
....................    spi_write(0x70); 
03F2:  BCF    03.5
03F3:  MOVF   13,W
03F4:  MOVLW  70
03F5:  MOVWF  13
03F6:  BSF    03.5
03F7:  RRF    14,W
03F8:  BTFSS  03.0
03F9:  GOTO   3F7
....................    output_high(RF_CS); 
03FA:  BCF    03.5
03FB:  BCF    3A.1
03FC:  MOVF   3A,W
03FD:  BSF    03.5
03FE:  MOVWF  07
03FF:  BCF    03.5
0400:  BSF    07.1
....................  
....................    //RX_PW_P0 
....................    //Nº de bytes en Pipe0. 
....................    //1 byte (ACK). 
....................    output_low(RF_CS); 
0401:  BCF    3A.1
0402:  MOVF   3A,W
0403:  BSF    03.5
0404:  MOVWF  07
0405:  BCF    03.5
0406:  BCF    07.1
....................    spi_write(0x31); 
0407:  MOVF   13,W
0408:  MOVLW  31
0409:  MOVWF  13
040A:  BSF    03.5
040B:  RRF    14,W
040C:  BTFSS  03.0
040D:  GOTO   40B
....................    spi_write(0x01); 
040E:  BCF    03.5
040F:  MOVF   13,W
0410:  MOVLW  01
0411:  MOVWF  13
0412:  BSF    03.5
0413:  RRF    14,W
0414:  BTFSS  03.0
0415:  GOTO   413
....................    output_high(RF_CS); 
0416:  BCF    03.5
0417:  BCF    3A.1
0418:  MOVF   3A,W
0419:  BSF    03.5
041A:  MOVWF  07
041B:  BCF    03.5
041C:  BSF    07.1
....................  
....................    //RX_PW_P1 
....................    //Nº de bytes en Pipe1. 
....................    //10 byte (Direccion emisor y trama). 
....................    output_low(RF_CS); 
041D:  BCF    3A.1
041E:  MOVF   3A,W
041F:  BSF    03.5
0420:  MOVWF  07
0421:  BCF    03.5
0422:  BCF    07.1
....................    spi_write(0x32); 
0423:  MOVF   13,W
0424:  MOVLW  32
0425:  MOVWF  13
0426:  BSF    03.5
0427:  RRF    14,W
0428:  BTFSS  03.0
0429:  GOTO   427
....................    spi_write(0x0A); 
042A:  BCF    03.5
042B:  MOVF   13,W
042C:  MOVLW  0A
042D:  MOVWF  13
042E:  BSF    03.5
042F:  RRF    14,W
0430:  BTFSS  03.0
0431:  GOTO   42F
....................    output_high(RF_CS); 
0432:  BCF    03.5
0433:  BCF    3A.1
0434:  MOVF   3A,W
0435:  BSF    03.5
0436:  MOVWF  07
0437:  BCF    03.5
0438:  BSF    07.1
....................  
....................    //RX_PW_P2 
....................    //Nº de bytes en Pipe2. 
....................    //10 byte (Direccion emisor y trama). 
....................    output_low(RF_CS); 
0439:  BCF    3A.1
043A:  MOVF   3A,W
043B:  BSF    03.5
043C:  MOVWF  07
043D:  BCF    03.5
043E:  BCF    07.1
....................    spi_write(0x33); 
043F:  MOVF   13,W
0440:  MOVLW  33
0441:  MOVWF  13
0442:  BSF    03.5
0443:  RRF    14,W
0444:  BTFSS  03.0
0445:  GOTO   443
....................    spi_write(0x0A); 
0446:  BCF    03.5
0447:  MOVF   13,W
0448:  MOVLW  0A
0449:  MOVWF  13
044A:  BSF    03.5
044B:  RRF    14,W
044C:  BTFSS  03.0
044D:  GOTO   44B
....................    output_high(RF_CS); 
044E:  BCF    03.5
044F:  BCF    3A.1
0450:  MOVF   3A,W
0451:  BSF    03.5
0452:  MOVWF  07
0453:  BCF    03.5
0454:  BSF    07.1
0455:  BCF    0A.3
0456:  BCF    0A.4
0457:  GOTO   4E8 (RETURN)
.................... } 
.................... //***************************************************** 
....................  
....................  
....................  
....................  
....................  
....................  
....................  
....................  
.................... //***************************************************** 
.................... //*                    RF_ON()                         * 
.................... //***************************************************** 
.................... //*Descripción:Esta rutina activa el módulo de        * 
.................... //*radiofrecuencia en modo escucha para poder recibir * 
.................... //*datos enviados a su dirección.                     * 
.................... //***************************************************** 
.................... //*Variables de entrada:                              * 
.................... //*Variables de salida:                               * 
.................... //***************************************************** 
.................... void RF_ON() 
.................... { 
....................  
....................    output_low(RF_CE); 
0458:  BCF    3A.2
0459:  MOVF   3A,W
045A:  BSF    03.5
045B:  MOVWF  07
045C:  BCF    03.5
045D:  BCF    07.2
....................  
....................    // CONFIG 
....................    //Se activa el modulo, se pone en recepción, 
....................    //se activa el CRC para que utilice 2 bytes. 
....................    output_low(RF_CS); 
045E:  BCF    3A.1
045F:  MOVF   3A,W
0460:  BSF    03.5
0461:  MOVWF  07
0462:  BCF    03.5
0463:  BCF    07.1
....................    spi_write(0x20); 
0464:  MOVF   13,W
0465:  MOVLW  20
0466:  MOVWF  13
0467:  BSF    03.5
0468:  RRF    14,W
0469:  BTFSS  03.0
046A:  GOTO   468
....................    spi_write(0x0F); 
046B:  BCF    03.5
046C:  MOVF   13,W
046D:  MOVLW  0F
046E:  MOVWF  13
046F:  BSF    03.5
0470:  RRF    14,W
0471:  BTFSS  03.0
0472:  GOTO   470
....................    output_high(RF_CS); 
0473:  BCF    03.5
0474:  BCF    3A.1
0475:  MOVF   3A,W
0476:  BSF    03.5
0477:  MOVWF  07
0478:  BCF    03.5
0479:  BSF    07.1
....................  
....................    delay_ms(2); 
047A:  MOVLW  02
047B:  MOVWF  3C
047C:  CALL   224
....................    output_high(RF_CE); 
047D:  BCF    3A.2
047E:  MOVF   3A,W
047F:  BSF    03.5
0480:  MOVWF  07
0481:  BCF    03.5
0482:  BSF    07.2
....................    delay_us(150); 
0483:  MOVLW  C7
0484:  MOVWF  77
0485:  DECFSZ 77,F
0486:  GOTO   485
0487:  GOTO   488
0488:  BCF    0A.3
0489:  BCF    0A.4
048A:  GOTO   4E9 (RETURN)
.................... } 
.................... //***************************************************** 
....................  
....................  
....................  
....................  
....................  
....................  
....................  
....................  
....................  
.................... //***************************************************** 
.................... //*                 RF_OFF()                         * 
.................... //***************************************************** 
.................... //*Descripción:Este procedimiento desactiva el módulo * 
.................... //*de radiofrecuencia.                                * 
.................... //***************************************************** 
.................... //*Variables de entrada:                              * 
.................... //*Variables de salida:                               * 
.................... //***************************************************** 
.................... void RF_OFF() 
.................... { 
....................    output_low(RF_CE); 
....................  
....................    // CONFIG 
....................    //Se desactiva el modulo 
....................    output_low(RF_CS); 
....................    spi_write(0x20); 
....................    spi_write(0x0C); 
....................    output_high(RF_CS); 
.................... } 
.................... //***************************************************** 
....................  
....................  
....................  
....................  
....................  
....................  
....................  
....................  
.................... //***************************************************** 
.................... //*                 RF_SEND()                         * 
.................... //***************************************************** 
.................... //*Descripción:Esta función envía 8 Bytes de datos a  * 
.................... //*la dirección indicada informando de la correcta    * 
.................... //*recepción en el destinatario.                      * 
.................... //***************************************************** 
.................... //*Variables de entrada:- RF_DATA[]                   * 
.................... //*                     - RF_DIR 
.................... //*Variables de salida: -                             * 
.................... //*Salida:              - 0: Envío correcto (ACK OK)  * 
.................... //*                     - 1: No recepcibido (NO ACK)  * 
.................... //*                     - 2: No enviado               * 
.................... //***************************************************** 
.................... int RF_SEND() 
.................... { 
....................    int i; 
....................    int estado; 
....................  
....................  
....................    if(bit_test(INTCON,7)) 
....................       interRF=1; 
....................    else 
....................       interRF=0; 
....................  
....................    disable_interrupts(GLOBAL); 
....................  
....................    // INICIO 
....................    output_low(RF_CE); 
....................  
....................    //STATUS 
....................    //Reseteo del registro STATUS 
....................    output_low(RF_CS); 
....................    spi_write(0x27); 
....................    spi_write(0x70); 
....................    output_high(RF_CS); 
....................  
....................    // EN_RXADDR 
....................    //Se habilita el Pipe0 para la recepción del ACK 
....................    output_low(RF_CS); 
....................    spi_write(0x22); 
....................    spi_write(0x01); 
....................    output_high(RF_CS); 
....................  
....................    // TX_ADDR 
....................    //Se configura la dirección de transmisión=RF_DIR 
....................    output_low(RF_CS); 
....................    spi_write(0x30); 
....................    spi_write(RF_DIR); 
....................    spi_write(0xC2); 
....................    spi_write(0xC2); 
....................    spi_write(0xC2); 
....................    spi_write(0xC2); 
....................    output_high(RF_CS); 
....................  
....................    // RX_ADDR_P0 
....................    //Para la recepción del ACK se debe configurar el Pipe0 con 
....................    //la misma dirección a trasmitir. 
....................    output_low(RF_CS); 
....................    spi_write(0x2A); 
....................    spi_write(RF_DIR); 
....................    spi_write(0xC2); 
....................    spi_write(0xC2); 
....................    spi_write(0xC2); 
....................    spi_write(0xC2); 
....................    output_high(RF_CS); 
....................  
....................    // RX_ADDR_P1 
....................    //Se mete en RF_DIR la direccion propia. 
....................    //De esta manera el receptor sabe la dirección 
....................    //del transmisor. 
....................    output_low(RF_CS); 
....................    spi_write(0x0B); 
....................    RF_DIR=spi_read(0); 
....................    spi_read(0); 
....................    spi_read(0); 
....................    spi_read(0); 
....................    spi_read(0); 
....................    output_high(RF_CS); 
....................  
....................    // W_TX_PAYLOAD 
....................    //Se manda los datos al transductor 
....................    output_low(RF_CS); 
....................    spi_write(0xA0); 
....................  
....................    DATA_N_SND++; 
....................    spi_write(DATA_N_SND); 
....................    spi_write(RF_DIR); 
....................    for (i=0;i<8;i++) 
....................       spi_write(RF_DATA[i]); 
....................  
....................    output_high(RF_CS); 
....................  
....................    // CONFIG 
....................    //Se pasa a modo transmisión. 
....................    output_low(RF_CS); 
....................    spi_write(0x20); 
....................    spi_write(0x0E); 
....................    output_high(RF_CS); 
....................  
....................    // Pulso de comienzo de envío 
....................    output_high(RF_CE); 
....................    delay_us(15); 
....................    output_low(RF_CE); 
....................  
....................    noRF=0; 
....................  
....................    while (input(RF_IRQ)==1) { 
....................       noRF++; 
....................       //Si no da respuesta en 7ms, no se ha enviado. 
....................       if(noRF==500){ 
....................       break; 
....................          } 
....................    } 
....................  
....................  
....................    // STATUS 
....................    //Lectura del estado en el registro estatus. 
....................    output_low(RF_CS); 
....................    estado=spi_read(0x27); 
....................    spi_write(0x70); 
....................    output_high(RF_CS); 
....................  
....................  
....................    // EN_RXADDR 
....................    //Habilitar los Pipe0,Pipe1 y Pipe2. 
....................    output_low(RF_CS); 
....................    spi_write(0x22); 
....................    spi_write(0x07); 
....................    output_high(RF_CS); 
....................  
....................       // TX_FLUSH 
....................    //Limpieza de la FIFO de salida 
....................    output_low(RF_CS); 
....................    spi_write(0xE1); 
....................    output_high(RF_CS); 
....................  
....................    // CONFIG 
....................    //Paso a modo recepción 
....................    output_low(RF_CS); 
....................    spi_write(0x20); 
....................    spi_write(0x0F); 
....................    output_high(RF_CS); 
....................  
....................    // FIN 
....................    output_high(RF_CE); 
....................  
....................    delay_us(150); 
....................  
....................    //Si no da respuesta en 7ms, no se ha enviado. 
....................    if(noRF==500){ 
....................         if(interRF==1) 
....................         enable_interrupts(GLOBAL); 
....................         clear_interrupt(int_ext); 
....................         return(2); 
....................    } 
....................  
....................    //estado 
....................    //Chequeo de los bit del registro STATUS que indican si se ha recibido 
....................    //ACK y si se ha terminado las retrasmisiones sin ningun ACK. 
....................    if ((bit_test(estado,4)==0) && (bit_test(estado,5)==1)){ 
....................       if(interRF==1) 
....................       enable_interrupts(GLOBAL); 
....................       clear_interrupt(int_ext); 
....................       return(0); 
....................       } 
....................    else{ 
....................       if(interRF==1) 
....................       enable_interrupts(GLOBAL); 
....................       clear_interrupt(int_ext); 
....................       return(1); 
....................       } 
.................... } 
.................... //***************************************************** 
....................  
....................  
....................  
....................  
....................  
....................  
....................  
....................  
....................  
.................... //***************************************************** 
.................... //*                 RF_RECEIVE()                      * 
.................... //***************************************************** 
.................... //*Descripción: Esta rutina se encarga de comprobar si* 
.................... //*se ha producido una recepción y de ser así,        * 
.................... //*devuelve la trama recibida.                        * 
.................... //***************************************************** 
.................... //*Variables de entrada:-                             * 
.................... //*Variables de salida: - RF_DATA[]                   * 
.................... //*                     - RF_DIR                      * 
.................... //*Salida:         - 0: Recepción correcta y única    * 
.................... //*                - 1: Recepción correcta y múltiple * 
.................... //*                - 2: No se ha producido recepción  * 
.................... //*                - 3: No se ha producido recepción  * 
.................... //***************************************************** 
.................... int RF_RECEIVE() 
.................... { 
....................  
....................    int i; 
....................    int mas; 
....................    int estado; 
....................  
....................    if (input(RF_IRQ)==1 && RCVNW==0){ 
*
00A7:  BSF    03.5
00A8:  BSF    06.0
00A9:  BCF    03.5
00AA:  BTFSS  06.0
00AB:  GOTO   0B1
00AC:  BTFSC  2C.1
00AD:  GOTO   0B1
....................       return (2); 
00AE:  MOVLW  02
00AF:  MOVWF  78
00B0:  GOTO   136
....................       } 
....................  
....................    //STATUS 
....................    //Lectura y reseteo del registro STATUS 
....................    output_low(RF_CS); 
00B1:  BCF    3A.1
00B2:  MOVF   3A,W
00B3:  BSF    03.5
00B4:  MOVWF  07
00B5:  BCF    03.5
00B6:  BCF    07.1
....................    estado=spi_read(0x27); 
00B7:  MOVF   13,W
00B8:  MOVLW  27
00B9:  MOVWF  13
00BA:  BSF    03.5
00BB:  RRF    14,W
00BC:  BTFSS  03.0
00BD:  GOTO   0BB
00BE:  BCF    03.5
00BF:  MOVF   13,W
00C0:  MOVWF  42
....................    spi_write(0x70); 
00C1:  MOVF   13,W
00C2:  MOVLW  70
00C3:  MOVWF  13
00C4:  BSF    03.5
00C5:  RRF    14,W
00C6:  BTFSS  03.0
00C7:  GOTO   0C5
....................    output_high(RF_CS); 
00C8:  BCF    03.5
00C9:  BCF    3A.1
00CA:  MOVF   3A,W
00CB:  BSF    03.5
00CC:  MOVWF  07
00CD:  BCF    03.5
00CE:  BSF    07.1
....................  
....................    //estado 
....................    //Chequeo de la interrupción de recepción. 
....................    if (bit_test(estado,6)==0 && RCVNW==0){ 
00CF:  BTFSC  42.6
00D0:  GOTO   0D6
00D1:  BTFSC  2C.1
00D2:  GOTO   0D6
....................       return(3); 
00D3:  MOVLW  03
00D4:  MOVWF  78
00D5:  GOTO   136
....................       } 
....................  
....................    //R_RX_PAYLOAD 
....................    //Lectura de los datos recibidos. 
....................    output_low(RF_CS); 
00D6:  BCF    3A.1
00D7:  MOVF   3A,W
00D8:  BSF    03.5
00D9:  MOVWF  07
00DA:  BCF    03.5
00DB:  BCF    07.1
....................    spi_write(0x61); 
00DC:  MOVF   13,W
00DD:  MOVLW  61
00DE:  MOVWF  13
00DF:  BSF    03.5
00E0:  RRF    14,W
00E1:  BTFSS  03.0
00E2:  GOTO   0E0
....................    DATA_N_RCV=spi_read(0); 
00E3:  BCF    03.5
00E4:  MOVF   13,W
00E5:  CLRF   13
00E6:  BSF    03.5
00E7:  RRF    14,W
00E8:  BTFSS  03.0
00E9:  GOTO   0E7
00EA:  BCF    03.5
00EB:  MOVF   13,W
00EC:  MOVWF  30
....................    RF_DIR=spi_read(0); 
00ED:  MOVF   13,W
00EE:  CLRF   13
00EF:  BSF    03.5
00F0:  RRF    14,W
00F1:  BTFSS  03.0
00F2:  GOTO   0F0
00F3:  BCF    03.5
00F4:  MOVF   13,W
00F5:  MOVWF  39
....................    for (i=0;i<8;i++) 
00F6:  CLRF   40
00F7:  MOVF   40,W
00F8:  SUBLW  07
00F9:  BTFSS  03.0
00FA:  GOTO   10A
....................    { 
....................       RF_DATA[i]=spi_read(0); 
00FB:  MOVLW  31
00FC:  ADDWF  40,W
00FD:  MOVWF  04
00FE:  BCF    03.7
00FF:  MOVF   13,W
0100:  CLRF   13
0101:  BSF    03.5
0102:  RRF    14,W
0103:  BTFSS  03.0
0104:  GOTO   102
0105:  BCF    03.5
0106:  MOVF   13,W
0107:  MOVWF  00
0108:  INCF   40,F
0109:  GOTO   0F7
....................    } 
....................    output_high(RF_CS); 
010A:  BCF    3A.1
010B:  MOVF   3A,W
010C:  BSF    03.5
010D:  MOVWF  07
010E:  BCF    03.5
010F:  BSF    07.1
....................  
....................    //FIFO_STATUS 
....................    //Comprobación del estado de la FIFO de 
....................    //recepción para comprobar si hay más datos 
....................    output_low(RF_CS); 
0110:  BCF    3A.1
0111:  MOVF   3A,W
0112:  BSF    03.5
0113:  MOVWF  07
0114:  BCF    03.5
0115:  BCF    07.1
....................    spi_write(0x17); 
0116:  MOVF   13,W
0117:  MOVLW  17
0118:  MOVWF  13
0119:  BSF    03.5
011A:  RRF    14,W
011B:  BTFSS  03.0
011C:  GOTO   11A
....................    mas=spi_read(0); 
011D:  BCF    03.5
011E:  MOVF   13,W
011F:  CLRF   13
0120:  BSF    03.5
0121:  RRF    14,W
0122:  BTFSS  03.0
0123:  GOTO   121
0124:  BCF    03.5
0125:  MOVF   13,W
0126:  MOVWF  41
....................    output_high(RF_CS); 
0127:  BCF    3A.1
0128:  MOVF   3A,W
0129:  BSF    03.5
012A:  MOVWF  07
012B:  BCF    03.5
012C:  BSF    07.1
....................  
....................    if (bit_test(mas,0)==0){ 
012D:  BTFSC  41.0
012E:  GOTO   133
....................       RCVNW=1; 
012F:  BSF    2C.1
....................       return(1); 
0130:  MOVLW  01
0131:  MOVWF  78
0132:  GOTO   136
....................    } 
....................       RCVNW=0; 
0133:  BCF    2C.1
....................       return(0); 
0134:  MOVLW  00
0135:  MOVWF  78
0136:  RETURN
.................... } 
.................... //***************************************************** 
....................  
....................  
....................  
....................  
....................  
....................  
....................  
....................  
....................  
....................  
.................... #use rs232(uart1, baud=9600)//usart1 -->ajuste de XMIT y RCV para la USART 1  
.................... #define LED PIN_B1 
.................... #byte porta=0x05           // Dirección del puerto A. 
.................... #int_ext                   // Interrupción del módulo RF. 
.................... void int_RB0() 
.................... { 
....................    int8 ret1; 
....................    printf("\n 1er"); 
*
01A7:  MOVLW  16
01A8:  BSF    03.6
01A9:  MOVWF  0D
01AA:  MOVLW  02
01AB:  MOVWF  0F
01AC:  BCF    03.6
01AD:  CALL   04F
....................    ret1 = RF_RECEIVE(); 
01AE:  CALL   0A7
01AF:  MOVF   78,W
01B0:  MOVWF  3F
....................    printf("\n %d",ret1); 
01B1:  MOVLW  0A
01B2:  BTFSS  0C.4
01B3:  GOTO   1B2
01B4:  MOVWF  19
01B5:  MOVLW  20
01B6:  BTFSS  0C.4
01B7:  GOTO   1B6
01B8:  MOVWF  19
01B9:  MOVF   3F,W
01BA:  MOVWF  40
01BB:  MOVLW  18
01BC:  MOVWF  41
01BD:  CALL   14C
....................    if ( (ret1 == 0) || (ret1 == 1) )         // Tanto si hay recepción simple o múltiple, leer datos. 
01BE:  MOVF   3F,F
01BF:  BTFSC  03.2
01C0:  GOTO   1C3
01C1:  DECFSZ 3F,W
01C2:  GOTO   212
....................    { 
....................       do 
....................       {     
....................          porta=RF_DATA[0];                   // El puerto A contendrá el valor que le llegue del emisor, a través de RF_DATA[0]. 
01C3:  MOVF   31,W
01C4:  MOVWF  05
....................          printf("\n %c",porta);                  // El puerto A contendrá el valor que le llegue del emisor, a través de RF_DATA[0]. 
01C5:  MOVLW  0A
01C6:  BTFSS  0C.4
01C7:  GOTO   1C6
01C8:  MOVWF  19
01C9:  MOVLW  20
01CA:  BTFSS  0C.4
01CB:  GOTO   1CA
01CC:  MOVWF  19
01CD:  MOVF   05,W
01CE:  BTFSS  0C.4
01CF:  GOTO   1CE
01D0:  MOVWF  19
....................          printf("\n %c",RF_DATA[1]); 
01D1:  MOVLW  0A
01D2:  BTFSS  0C.4
01D3:  GOTO   1D2
01D4:  MOVWF  19
01D5:  MOVLW  20
01D6:  BTFSS  0C.4
01D7:  GOTO   1D6
01D8:  MOVWF  19
01D9:  MOVF   32,W
01DA:  BTFSS  0C.4
01DB:  GOTO   1DA
01DC:  MOVWF  19
....................          printf("\n %c",RF_DATA[2]); 
01DD:  MOVLW  0A
01DE:  BTFSS  0C.4
01DF:  GOTO   1DE
01E0:  MOVWF  19
01E1:  MOVLW  20
01E2:  BTFSS  0C.4
01E3:  GOTO   1E2
01E4:  MOVWF  19
01E5:  MOVF   33,W
01E6:  BTFSS  0C.4
01E7:  GOTO   1E6
01E8:  MOVWF  19
....................          printf("\n %c",RF_DATA[3]); 
01E9:  MOVLW  0A
01EA:  BTFSS  0C.4
01EB:  GOTO   1EA
01EC:  MOVWF  19
01ED:  MOVLW  20
01EE:  BTFSS  0C.4
01EF:  GOTO   1EE
01F0:  MOVWF  19
01F1:  MOVF   34,W
01F2:  BTFSS  0C.4
01F3:  GOTO   1F2
01F4:  MOVWF  19
....................          printf("\n 2do"); 
01F5:  MOVLW  19
01F6:  BSF    03.6
01F7:  MOVWF  0D
01F8:  MOVLW  02
01F9:  MOVWF  0F
01FA:  BCF    03.6
01FB:  CALL   04F
....................          ret1 = RF_RECEIVE();                // "ret1" nos dirá si hay recepción simple, múltiple o no hay datos para leer. 
01FC:  CALL   0A7
01FD:  MOVF   78,W
01FE:  MOVWF  3F
....................          printf("\n %d",ret1); 
01FF:  MOVLW  0A
0200:  BTFSS  0C.4
0201:  GOTO   200
0202:  MOVWF  19
0203:  MOVLW  20
0204:  BTFSS  0C.4
0205:  GOTO   204
0206:  MOVWF  19
0207:  MOVF   3F,W
0208:  MOVWF  40
0209:  MOVLW  18
020A:  MOVWF  41
020B:  CALL   14C
....................       }while ( (ret1 == 0) || (ret1 == 1) ); // Mientras haya datos para leer, seguir leyendo. 
020C:  MOVF   3F,F
020D:  BTFSC  03.2
020E:  GOTO   1C3
020F:  DECFSZ 3F,W
0210:  GOTO   212
0211:  GOTO   1C3
....................    }   
0212:  BCF    0B.1
0213:  BCF    0A.3
0214:  BCF    0A.4
0215:  GOTO   02B
.................... } 
....................  
.................... void main() {  
*
048B:  MOVF   03,W
048C:  ANDLW  1F
048D:  MOVWF  03
048E:  BCF    2C.1
048F:  CLRF   2F
0490:  CLRF   30
0491:  MOVLW  FF
0492:  MOVWF  3A
0493:  MOVLW  19
0494:  BSF    03.5
0495:  MOVWF  19
0496:  MOVLW  A2
0497:  MOVWF  18
0498:  MOVLW  90
0499:  BCF    03.5
049A:  MOVWF  18
049B:  BSF    03.5
049C:  BSF    1F.0
049D:  BSF    1F.1
049E:  BSF    1F.2
049F:  BCF    1F.3
04A0:  MOVLW  07
04A1:  MOVWF  1C
04A2:  BCF    03.7
....................       output_low(LED); 
*
04B0:  BSF    03.5
04B1:  BCF    06.1
04B2:  BCF    03.5
04B3:  BCF    06.1
....................       delay_ms(1000); 
04B4:  MOVLW  04
04B5:  MOVWF  3B
04B6:  MOVLW  FA
04B7:  MOVWF  3C
04B8:  CALL   224
04B9:  DECFSZ 3B,F
04BA:  GOTO   4B6
....................       output_high(LED); 
04BB:  BSF    03.5
04BC:  BCF    06.1
04BD:  BCF    03.5
04BE:  BSF    06.1
....................       delay_ms(1000); 
04BF:  MOVLW  04
04C0:  MOVWF  3B
04C1:  MOVLW  FA
04C2:  MOVWF  3C
04C3:  CALL   224
04C4:  DECFSZ 3B,F
04C5:  GOTO   4C1
....................       output_low(LED); 
04C6:  BSF    03.5
04C7:  BCF    06.1
04C8:  BCF    03.5
04C9:  BCF    06.1
....................       delay_ms(1000); 
04CA:  MOVLW  04
04CB:  MOVWF  3B
04CC:  MOVLW  FA
04CD:  MOVWF  3C
04CE:  CALL   224
04CF:  DECFSZ 3B,F
04D0:  GOTO   4CC
....................       output_high(LED); 
04D1:  BSF    03.5
04D2:  BCF    06.1
04D3:  BCF    03.5
04D4:  BSF    06.1
....................       delay_ms(1000); 
04D5:  MOVLW  04
04D6:  MOVWF  3B
04D7:  MOVLW  FA
04D8:  MOVWF  3C
04D9:  CALL   224
04DA:  DECFSZ 3B,F
04DB:  GOTO   4D7
....................       set_tris_a(0b000000);     // Todo el puerto A como salida. 
04DC:  MOVLW  00
04DD:  BSF    03.5
04DE:  MOVWF  05
....................       porta=0;                  // Inicialmente lo ponemos a cero. 
04DF:  BCF    03.5
04E0:  CLRF   05
....................     RF_INT_EN();              // Habilitar interrupción RB0/INT. 
04E1:  GOTO   239
....................     RF_CONFIG_SPI();          // Configurar módulos SPI del PIC. 
04E2:  GOTO   247
....................    RF_CONFIG(0x40,0x08);     // Configurar módulo RF (canal y dirección). 
04E3:  MOVLW  40
04E4:  MOVWF  3B
04E5:  MOVLW  08
04E6:  MOVWF  3C
04E7:  GOTO   265
....................    RF_ON();                  // Activar el módulo RF. 
04E8:  GOTO   458
....................    printf("configurado! \n"); 
04E9:  MOVLW  1C
04EA:  BSF    03.6
04EB:  MOVWF  0D
04EC:  MOVLW  02
04ED:  MOVWF  0F
04EE:  BCF    03.6
04EF:  CLRF   2B
04F0:  BTFSC  0B.7
04F1:  BSF    2B.7
04F2:  BCF    0B.7
04F3:  CALL   04F
04F4:  BTFSC  2B.7
04F5:  BSF    0B.7
....................    // Bucle infinito.  
....................  
....................  while(TRUE)  
....................  {  
04F6:  GOTO   4F6
....................  //putc('h');//Envía el caracter vía serie por la USART del PIC  
.................... // delay_ms(1000); 
.................... // printf("Hello world! \n");  
....................   
....................  }  
....................   
.................... } 
04F7:  SLEEP

Configuration Fuses:
   Word  1: 3F3A   HS NOWDT NOPUT NOBROWNOUT NOLVP NOCPD NOWRT NODEBUG NOPROTECT
