
ROM used:   1398/8192 (17%)
            1398/8192 (17%) including unused fragments

            1.1 Average locations per line
            6.0 Average locations per statement

RAM used:   28/368 (8%) at main() level
            38/368 (10%) worst case

Stack used: 4 worst case (2 in main + 2 for interrupts)
Stack size: 8

Lines Stmts  %   Files
----- ----- ---  -----
   50    17   7  main.c
  671     0   0  ..\..\..\..\Program Files (x86)\PICC\devices\16F877A.h
  601   215  93  lib_rf2gh4_10.h
----- -----
 1322   232 Total

Page ROM  %  RAM   Vol Diff  Functions:
---- --- --- ---   --- ----  ----------
0     21   2    1             @delay_ms1
0     30   2    0   143  2.2  RF_CONFIG_SPI
0     14   1    0    98  1.7  RF_INT_EN
0    499  36    2  2193  2.0  RF_CONFIG
0     51   4    0   149  1.3  RF_ON
0    518  37    4  3092  8.0  RF_SEND
0    144  10    5   964  6.5  RF_RECEIVE
0     21   2    1   190  3.9  int_RB0
0     53   4    1   228  3.2  MAIN
 Inline         0             @cinit1

Program metrics:
    Functions               8
    Statements              232
    Comments                356
    Volume (V)              9432
    Difficulty (D)          29.6
    Effort to implement (E) 279546
    Time to implement (T)   4 hours, 19 minutes
    Est Delivered Bugs (B)  1
    Cyclomatic Complexity   14
    Maintainability (MI)    40

 Segment     Used  Free
-----------  ----  ----
00000-00003     4  0  
00004-0002E    43  0  
0002F-007FF  1351  650  
00800-00FFF     0  2048  
01000-017FF     0  2048  
01800-01FFF     0  2048  



